2024-09-22 08:48:03,310 - INFO - main.py:34 - Current Time: 08:48:03, 09/22/24
2024-09-22 08:48:04,322 - INFO - main.py:46 - CPU: Architecture: x86_64, Model: 13th Gen Intel(R) Core(TM) i9-13900HX, Number Of Cores: 32, Utilization: 0.1%
2024-09-22 08:48:04,329 - INFO - main.py:50 - Memory: Total: 15GB, Available: 14GB
2024-09-22 08:48:04,330 - INFO - main.py:54 - System info: OS: Linux, Kernel: 5.15.153.1-microsoft-standard-WSL2
2024-09-22 08:48:04,332 - INFO - main.py:55 - Hailo DFC Version: 3.28.0
2024-09-22 08:48:04,341 - INFO - main.py:60 - HailoRT Version: Not Installed
2024-09-22 08:48:04,349 - INFO - main.py:76 - PCIe: No Hailo PCIe device was found
2024-09-22 08:48:04,350 - INFO - main.py:109 - Running `hailo compiler mobilenetv2_cifar10.onnx mobilenetv2_cifar10`
2024-09-22 08:48:18,949 - INFO - main.py:34 - Current Time: 08:48:18, 09/22/24
2024-09-22 08:48:19,960 - INFO - main.py:46 - CPU: Architecture: x86_64, Model: 13th Gen Intel(R) Core(TM) i9-13900HX, Number Of Cores: 32, Utilization: 0.0%
2024-09-22 08:48:19,964 - INFO - main.py:50 - Memory: Total: 15GB, Available: 14GB
2024-09-22 08:48:19,965 - INFO - main.py:54 - System info: OS: Linux, Kernel: 5.15.153.1-microsoft-standard-WSL2
2024-09-22 08:48:19,966 - INFO - main.py:55 - Hailo DFC Version: 3.28.0
2024-09-22 08:48:19,982 - INFO - main.py:60 - HailoRT Version: Not Installed
2024-09-22 08:48:19,986 - INFO - main.py:76 - PCIe: No Hailo PCIe device was found
2024-09-22 08:48:19,987 - INFO - main.py:109 - Running `hailo compiler mobilenetv2_cifar10.onnx`
2024-09-22 08:48:43,532 - INFO - main.py:34 - Current Time: 08:48:43, 09/22/24
2024-09-22 08:48:44,545 - INFO - main.py:46 - CPU: Architecture: x86_64, Model: 13th Gen Intel(R) Core(TM) i9-13900HX, Number Of Cores: 32, Utilization: 0.1%
2024-09-22 08:48:44,548 - INFO - main.py:50 - Memory: Total: 15GB, Available: 14GB
2024-09-22 08:48:44,549 - INFO - main.py:54 - System info: OS: Linux, Kernel: 5.15.153.1-microsoft-standard-WSL2
2024-09-22 08:48:44,550 - INFO - main.py:55 - Hailo DFC Version: 3.28.0
2024-09-22 08:48:44,568 - INFO - main.py:60 - HailoRT Version: Not Installed
2024-09-22 08:48:44,574 - INFO - main.py:76 - PCIe: No Hailo PCIe device was found
2024-09-22 08:48:44,574 - INFO - main.py:109 - Running `hailo`
2024-09-22 08:48:53,734 - INFO - main.py:34 - Current Time: 08:48:53, 09/22/24
2024-09-22 08:48:54,745 - INFO - main.py:46 - CPU: Architecture: x86_64, Model: 13th Gen Intel(R) Core(TM) i9-13900HX, Number Of Cores: 32, Utilization: 0.1%
2024-09-22 08:48:54,746 - INFO - main.py:50 - Memory: Total: 15GB, Available: 14GB
2024-09-22 08:48:54,747 - INFO - main.py:54 - System info: OS: Linux, Kernel: 5.15.153.1-microsoft-standard-WSL2
2024-09-22 08:48:54,749 - INFO - main.py:55 - Hailo DFC Version: 3.28.0
2024-09-22 08:48:54,764 - INFO - main.py:60 - HailoRT Version: Not Installed
2024-09-22 08:48:54,771 - INFO - main.py:76 - PCIe: No Hailo PCIe device was found
2024-09-22 08:48:54,772 - INFO - main.py:109 - Running `hailo dfc-studio`
2024-09-22 08:48:54,779 - INFO - dfc_studio.py:20 - Checking for requirements
2024-09-22 08:54:34,732 - INFO - main.py:34 - Current Time: 08:54:34, 09/22/24
2024-09-22 08:54:35,741 - INFO - main.py:46 - CPU: Architecture: x86_64, Model: 13th Gen Intel(R) Core(TM) i9-13900HX, Number Of Cores: 32, Utilization: 0.1%
2024-09-22 08:54:35,742 - INFO - main.py:50 - Memory: Total: 15GB, Available: 14GB
2024-09-22 08:54:35,743 - INFO - main.py:54 - System info: OS: Linux, Kernel: 5.15.153.1-microsoft-standard-WSL2
2024-09-22 08:54:35,743 - INFO - main.py:55 - Hailo DFC Version: 3.28.0
2024-09-22 08:54:35,750 - INFO - main.py:60 - HailoRT Version: Not Installed
2024-09-22 08:54:35,758 - INFO - main.py:76 - PCIe: No Hailo PCIe device was found
2024-09-22 08:54:35,758 - INFO - main.py:109 - Running `hailo`
2024-09-22 08:55:01,897 - INFO - main.py:34 - Current Time: 08:55:01, 09/22/24
2024-09-22 08:55:02,905 - INFO - main.py:46 - CPU: Architecture: x86_64, Model: 13th Gen Intel(R) Core(TM) i9-13900HX, Number Of Cores: 32, Utilization: 0.1%
2024-09-22 08:55:02,906 - INFO - main.py:50 - Memory: Total: 15GB, Available: 14GB
2024-09-22 08:55:02,906 - INFO - main.py:54 - System info: OS: Linux, Kernel: 5.15.153.1-microsoft-standard-WSL2
2024-09-22 08:55:02,906 - INFO - main.py:55 - Hailo DFC Version: 3.28.0
2024-09-22 08:55:02,914 - INFO - main.py:60 - HailoRT Version: Not Installed
2024-09-22 08:55:02,917 - INFO - main.py:76 - PCIe: No Hailo PCIe device was found
2024-09-22 08:55:02,918 - INFO - main.py:109 - Running `hailo tutorial`
2024-09-22 08:58:09,113 - INFO - main.py:34 - Current Time: 08:58:09, 09/22/24
2024-09-22 08:58:10,124 - INFO - main.py:46 - CPU: Architecture: x86_64, Model: 13th Gen Intel(R) Core(TM) i9-13900HX, Number Of Cores: 32, Utilization: 0.0%
2024-09-22 08:58:10,125 - INFO - main.py:50 - Memory: Total: 15GB, Available: 14GB
2024-09-22 08:58:10,126 - INFO - main.py:54 - System info: OS: Linux, Kernel: 5.15.153.1-microsoft-standard-WSL2
2024-09-22 08:58:10,128 - INFO - main.py:55 - Hailo DFC Version: 3.28.0
2024-09-22 08:58:10,147 - INFO - main.py:60 - HailoRT Version: Not Installed
2024-09-22 08:58:10,152 - INFO - main.py:76 - PCIe: No Hailo PCIe device was found
2024-09-22 08:58:10,152 - INFO - main.py:109 - Running `hailo compile mobilenetv2_cifar10.onnx --hef mobilenetv2_cifar10`
2024-09-22 08:58:59,007 - INFO - main.py:34 - Current Time: 08:58:59, 09/22/24
2024-09-22 08:59:00,018 - INFO - main.py:46 - CPU: Architecture: x86_64, Model: 13th Gen Intel(R) Core(TM) i9-13900HX, Number Of Cores: 32, Utilization: 0.1%
2024-09-22 08:59:00,020 - INFO - main.py:50 - Memory: Total: 15GB, Available: 14GB
2024-09-22 08:59:00,021 - INFO - main.py:54 - System info: OS: Linux, Kernel: 5.15.153.1-microsoft-standard-WSL2
2024-09-22 08:59:00,022 - INFO - main.py:55 - Hailo DFC Version: 3.28.0
2024-09-22 08:59:00,046 - INFO - main.py:60 - HailoRT Version: Not Installed
2024-09-22 08:59:00,069 - INFO - main.py:76 - PCIe: No Hailo PCIe device was found
2024-09-22 08:59:00,070 - INFO - main.py:109 - Running `hailo compile mobilenetv2_cifar10.onnx --hef mobilenetv2_cifar10.hef`
2024-09-22 09:00:37,557 - INFO - main.py:34 - Current Time: 09:00:37, 09/22/24
2024-09-22 09:00:38,566 - INFO - main.py:46 - CPU: Architecture: x86_64, Model: 13th Gen Intel(R) Core(TM) i9-13900HX, Number Of Cores: 32, Utilization: 0.3%
2024-09-22 09:00:38,567 - INFO - main.py:50 - Memory: Total: 15GB, Available: 14GB
2024-09-22 09:00:38,569 - INFO - main.py:54 - System info: OS: Linux, Kernel: 5.15.153.1-microsoft-standard-WSL2
2024-09-22 09:00:38,570 - INFO - main.py:55 - Hailo DFC Version: 3.28.0
2024-09-22 09:00:38,585 - INFO - main.py:60 - HailoRT Version: Not Installed
2024-09-22 09:00:38,593 - INFO - main.py:76 - PCIe: No Hailo PCIe device was found
2024-09-22 09:00:38,594 - INFO - main.py:109 - Running `hailo profiler --help`
2024-09-22 09:01:20,586 - INFO - main.py:34 - Current Time: 09:01:20, 09/22/24
2024-09-22 09:01:21,643 - INFO - main.py:46 - CPU: Architecture: x86_64, Model: 13th Gen Intel(R) Core(TM) i9-13900HX, Number Of Cores: 32, Utilization: 0.0%
2024-09-22 09:01:21,647 - INFO - main.py:50 - Memory: Total: 15GB, Available: 14GB
2024-09-22 09:01:21,651 - INFO - main.py:54 - System info: OS: Linux, Kernel: 5.15.153.1-microsoft-standard-WSL2
2024-09-22 09:01:21,652 - INFO - main.py:55 - Hailo DFC Version: 3.28.0
2024-09-22 09:01:21,671 - INFO - main.py:60 - HailoRT Version: Not Installed
2024-09-22 09:01:21,680 - INFO - main.py:76 - PCIe: No Hailo PCIe device was found
2024-09-22 09:01:21,681 - INFO - main.py:109 - Running `hailo parser mobilenetv2_cifar10.onnx`
2024-09-22 09:01:38,466 - INFO - main.py:34 - Current Time: 09:01:38, 09/22/24
2024-09-22 09:01:39,475 - INFO - main.py:46 - CPU: Architecture: x86_64, Model: 13th Gen Intel(R) Core(TM) i9-13900HX, Number Of Cores: 32, Utilization: 0.1%
2024-09-22 09:01:39,476 - INFO - main.py:50 - Memory: Total: 15GB, Available: 14GB
2024-09-22 09:01:39,478 - INFO - main.py:54 - System info: OS: Linux, Kernel: 5.15.153.1-microsoft-standard-WSL2
2024-09-22 09:01:39,479 - INFO - main.py:55 - Hailo DFC Version: 3.28.0
2024-09-22 09:01:39,495 - INFO - main.py:60 - HailoRT Version: Not Installed
2024-09-22 09:01:39,500 - INFO - main.py:76 - PCIe: No Hailo PCIe device was found
2024-09-22 09:01:39,501 - INFO - main.py:109 - Running `hailo parser onnx mobilenetv2_cifar10.onnx`
2024-09-22 09:01:39,520 - INFO - parser.py:127 - Translation started on ONNX model mobilenetv2_cifar10
2024-09-22 09:01:39,836 - INFO - parser.py:162 - Restored ONNX model mobilenetv2_cifar10 (completion time: 00:00:00.32)
2024-09-22 09:01:39,975 - INFO - parser.py:185 - Extracted ONNXRuntime meta-data for Hailo model (completion time: 00:00:00.46)
2024-09-22 09:01:40,265 - WARNING - parser.py:298 - ONNX shape inference failed: Field 'type' of 'value_info' is required but missing.
2024-09-22 09:01:40,319 - INFO - parser.py:241 - Unable to simplify the model: list index out of range
2024-09-22 09:02:16,547 - INFO - main.py:34 - Current Time: 09:02:16, 09/22/24
2024-09-22 09:02:17,556 - INFO - main.py:46 - CPU: Architecture: x86_64, Model: 13th Gen Intel(R) Core(TM) i9-13900HX, Number Of Cores: 32, Utilization: 0.1%
2024-09-22 09:02:17,559 - INFO - main.py:50 - Memory: Total: 15GB, Available: 14GB
2024-09-22 09:02:17,560 - INFO - main.py:54 - System info: OS: Linux, Kernel: 5.15.153.1-microsoft-standard-WSL2
2024-09-22 09:02:17,561 - INFO - main.py:55 - Hailo DFC Version: 3.28.0
2024-09-22 09:02:17,579 - INFO - main.py:60 - HailoRT Version: Not Installed
2024-09-22 09:02:17,587 - INFO - main.py:76 - PCIe: No Hailo PCIe device was found
2024-09-22 09:02:17,588 - INFO - main.py:109 - Running `hailo parser onnx --help`
2024-09-22 09:03:49,399 - INFO - main.py:34 - Current Time: 09:03:49, 09/22/24
2024-09-22 09:03:50,408 - INFO - main.py:46 - CPU: Architecture: x86_64, Model: 13th Gen Intel(R) Core(TM) i9-13900HX, Number Of Cores: 32, Utilization: 0.1%
2024-09-22 09:03:50,410 - INFO - main.py:50 - Memory: Total: 15GB, Available: 14GB
2024-09-22 09:03:50,411 - INFO - main.py:54 - System info: OS: Linux, Kernel: 5.15.153.1-microsoft-standard-WSL2
2024-09-22 09:03:50,412 - INFO - main.py:55 - Hailo DFC Version: 3.28.0
2024-09-22 09:03:50,429 - INFO - main.py:60 - HailoRT Version: Not Installed
2024-09-22 09:03:50,438 - INFO - main.py:76 - PCIe: No Hailo PCIe device was found
2024-09-22 09:03:50,439 - INFO - main.py:109 - Running `hailo parser onnx --net-name mobilenetv2_cifar10 --hw-arch hailo8l mobilenetv2_cifar10.onnx`
2024-09-22 09:03:50,461 - INFO - parser.py:127 - Translation started on ONNX model mobilenetv2_cifar10
2024-09-22 09:03:50,672 - INFO - parser.py:162 - Restored ONNX model mobilenetv2_cifar10 (completion time: 00:00:00.21)
2024-09-22 09:03:50,764 - INFO - parser.py:185 - Extracted ONNXRuntime meta-data for Hailo model (completion time: 00:00:00.30)
2024-09-22 09:03:51,052 - WARNING - parser.py:298 - ONNX shape inference failed: Field 'type' of 'value_info' is required but missing.
2024-09-22 09:03:51,099 - INFO - parser.py:241 - Unable to simplify the model: list index out of range
2024-09-22 09:13:51,717 - INFO - main.py:34 - Current Time: 09:13:51, 09/22/24
2024-09-22 09:13:52,725 - INFO - main.py:46 - CPU: Architecture: x86_64, Model: 13th Gen Intel(R) Core(TM) i9-13900HX, Number Of Cores: 32, Utilization: 0.1%
2024-09-22 09:13:52,727 - INFO - main.py:50 - Memory: Total: 15GB, Available: 14GB
2024-09-22 09:13:52,728 - INFO - main.py:54 - System info: OS: Linux, Kernel: 5.15.153.1-microsoft-standard-WSL2
2024-09-22 09:13:52,729 - INFO - main.py:55 - Hailo DFC Version: 3.28.0
2024-09-22 09:13:52,739 - INFO - main.py:60 - HailoRT Version: Not Installed
2024-09-22 09:13:52,746 - INFO - main.py:76 - PCIe: No Hailo PCIe device was found
2024-09-22 09:13:52,746 - INFO - main.py:109 - Running `hailo parser onnx --net-name mobilenetv2_cifar10 --hw-arch hailo8l mobilenetv2_cifar10.onnx`
2024-09-22 09:13:52,761 - INFO - parser.py:127 - Translation started on ONNX model mobilenetv2_cifar10
2024-09-22 09:13:52,973 - INFO - parser.py:162 - Restored ONNX model mobilenetv2_cifar10 (completion time: 00:00:00.21)
2024-09-22 09:13:53,175 - INFO - parser.py:185 - Extracted ONNXRuntime meta-data for Hailo model (completion time: 00:00:00.41)
2024-09-22 09:13:53,366 - INFO - parser.py:357 - Start nodes mapped from original model: 'input': 'mobilenetv2_cifar10/input_layer1'.
2024-09-22 09:13:53,367 - INFO - parser.py:358 - End nodes mapped from original model: '/classifier/classifier.1/Gemm'.
2024-09-22 09:13:53,393 - INFO - parser.py:272 - Translation completed on ONNX model mobilenetv2_cifar10 (completion time: 00:00:00.63)
2024-09-22 09:13:53,895 - INFO - client_runner.py:1831 - Saved HAR to: /mnt/c/Users/rapha/PycharmProjects/HCA3/mobilenetv2_cifar10.har
2024-09-22 09:57:37,283 - INFO - main.py:34 - Current Time: 09:57:37, 09/22/24
2024-09-22 09:57:38,293 - INFO - main.py:46 - CPU: Architecture: x86_64, Model: 13th Gen Intel(R) Core(TM) i9-13900HX, Number Of Cores: 32, Utilization: 0.1%
2024-09-22 09:57:38,294 - INFO - main.py:50 - Memory: Total: 15GB, Available: 14GB
2024-09-22 09:57:38,295 - INFO - main.py:54 - System info: OS: Linux, Kernel: 5.15.153.1-microsoft-standard-WSL2
2024-09-22 09:57:38,296 - INFO - main.py:55 - Hailo DFC Version: 3.28.0
2024-09-22 09:57:38,313 - INFO - main.py:60 - HailoRT Version: Not Installed
2024-09-22 09:57:38,322 - INFO - main.py:76 - PCIe: No Hailo PCIe device was found
2024-09-22 09:57:38,323 - INFO - main.py:109 - Running `hailo compiler mobilenetv2_cifar10.har`
2024-09-22 09:57:38,825 - INFO - compiler_cli.py:81 - Compiling network
2024-09-22 09:57:38,826 - DEPRECATION_WARNING - hailo_nn.py:1546 - Layer mobilenetv2_cifar10/input_layer1 has implicit precision config during compilation, filling default values
2024-09-22 09:57:38,826 - DEPRECATION_WARNING - hailo_nn.py:1546 - Layer mobilenetv2_cifar10/conv1 has implicit precision config during compilation, filling default values
2024-09-22 09:57:38,827 - DEPRECATION_WARNING - hailo_nn.py:1546 - Layer mobilenetv2_cifar10/dw1 has implicit precision config during compilation, filling default values
2024-09-22 09:57:38,827 - DEPRECATION_WARNING - hailo_nn.py:1546 - Layer mobilenetv2_cifar10/conv2 has implicit precision config during compilation, filling default values
2024-09-22 09:57:38,828 - DEPRECATION_WARNING - hailo_nn.py:1546 - Layer mobilenetv2_cifar10/conv3 has implicit precision config during compilation, filling default values
2024-09-22 09:57:38,828 - DEPRECATION_WARNING - hailo_nn.py:1546 - Layer mobilenetv2_cifar10/dw2 has implicit precision config during compilation, filling default values
2024-09-22 09:57:38,829 - DEPRECATION_WARNING - hailo_nn.py:1546 - Layer mobilenetv2_cifar10/conv4 has implicit precision config during compilation, filling default values
2024-09-22 09:57:38,829 - DEPRECATION_WARNING - hailo_nn.py:1546 - Layer mobilenetv2_cifar10/conv5 has implicit precision config during compilation, filling default values
2024-09-22 09:57:38,830 - DEPRECATION_WARNING - hailo_nn.py:1546 - Layer mobilenetv2_cifar10/dw3 has implicit precision config during compilation, filling default values
2024-09-22 09:57:38,830 - DEPRECATION_WARNING - hailo_nn.py:1546 - Layer mobilenetv2_cifar10/conv6 has implicit precision config during compilation, filling default values
2024-09-22 09:57:38,831 - DEPRECATION_WARNING - hailo_nn.py:1546 - Layer mobilenetv2_cifar10/ew_add1 has implicit precision config during compilation, filling default values
2024-09-22 09:57:38,831 - DEPRECATION_WARNING - hailo_nn.py:1546 - Layer mobilenetv2_cifar10/conv7 has implicit precision config during compilation, filling default values
2024-09-22 09:57:38,832 - DEPRECATION_WARNING - hailo_nn.py:1546 - Layer mobilenetv2_cifar10/dw4 has implicit precision config during compilation, filling default values
2024-09-22 09:57:38,832 - DEPRECATION_WARNING - hailo_nn.py:1546 - Layer mobilenetv2_cifar10/conv8 has implicit precision config during compilation, filling default values
2024-09-22 09:57:38,832 - DEPRECATION_WARNING - hailo_nn.py:1546 - Layer mobilenetv2_cifar10/conv9 has implicit precision config during compilation, filling default values
2024-09-22 09:57:38,833 - DEPRECATION_WARNING - hailo_nn.py:1546 - Layer mobilenetv2_cifar10/dw5 has implicit precision config during compilation, filling default values
2024-09-22 09:57:38,833 - DEPRECATION_WARNING - hailo_nn.py:1546 - Layer mobilenetv2_cifar10/conv10 has implicit precision config during compilation, filling default values
2024-09-22 09:57:38,834 - DEPRECATION_WARNING - hailo_nn.py:1546 - Layer mobilenetv2_cifar10/ew_add2 has implicit precision config during compilation, filling default values
2024-09-22 09:57:38,834 - DEPRECATION_WARNING - hailo_nn.py:1546 - Layer mobilenetv2_cifar10/conv11 has implicit precision config during compilation, filling default values
2024-09-22 09:57:38,834 - DEPRECATION_WARNING - hailo_nn.py:1546 - Layer mobilenetv2_cifar10/dw6 has implicit precision config during compilation, filling default values
2024-09-22 09:57:38,835 - DEPRECATION_WARNING - hailo_nn.py:1546 - Layer mobilenetv2_cifar10/conv12 has implicit precision config during compilation, filling default values
2024-09-22 09:57:38,835 - DEPRECATION_WARNING - hailo_nn.py:1546 - Layer mobilenetv2_cifar10/ew_add3 has implicit precision config during compilation, filling default values
2024-09-22 09:57:38,835 - DEPRECATION_WARNING - hailo_nn.py:1546 - Layer mobilenetv2_cifar10/conv13 has implicit precision config during compilation, filling default values
2024-09-22 09:57:38,836 - DEPRECATION_WARNING - hailo_nn.py:1546 - Layer mobilenetv2_cifar10/dw7 has implicit precision config during compilation, filling default values
2024-09-22 09:57:38,836 - DEPRECATION_WARNING - hailo_nn.py:1546 - Layer mobilenetv2_cifar10/conv14 has implicit precision config during compilation, filling default values
2024-09-22 09:57:38,837 - DEPRECATION_WARNING - hailo_nn.py:1546 - Layer mobilenetv2_cifar10/conv15 has implicit precision config during compilation, filling default values
2024-09-22 09:57:38,837 - DEPRECATION_WARNING - hailo_nn.py:1546 - Layer mobilenetv2_cifar10/dw8 has implicit precision config during compilation, filling default values
2024-09-22 09:57:38,838 - DEPRECATION_WARNING - hailo_nn.py:1546 - Layer mobilenetv2_cifar10/conv16 has implicit precision config during compilation, filling default values
2024-09-22 09:57:38,838 - DEPRECATION_WARNING - hailo_nn.py:1546 - Layer mobilenetv2_cifar10/ew_add4 has implicit precision config during compilation, filling default values
2024-09-22 09:57:38,839 - DEPRECATION_WARNING - hailo_nn.py:1546 - Layer mobilenetv2_cifar10/conv17 has implicit precision config during compilation, filling default values
2024-09-22 09:57:38,839 - DEPRECATION_WARNING - hailo_nn.py:1546 - Layer mobilenetv2_cifar10/dw9 has implicit precision config during compilation, filling default values
2024-09-22 09:57:38,840 - DEPRECATION_WARNING - hailo_nn.py:1546 - Layer mobilenetv2_cifar10/conv18 has implicit precision config during compilation, filling default values
2024-09-22 09:57:38,840 - DEPRECATION_WARNING - hailo_nn.py:1546 - Layer mobilenetv2_cifar10/ew_add5 has implicit precision config during compilation, filling default values
2024-09-22 09:57:38,840 - DEPRECATION_WARNING - hailo_nn.py:1546 - Layer mobilenetv2_cifar10/conv19 has implicit precision config during compilation, filling default values
2024-09-22 09:57:38,841 - DEPRECATION_WARNING - hailo_nn.py:1546 - Layer mobilenetv2_cifar10/dw10 has implicit precision config during compilation, filling default values
2024-09-22 09:57:38,841 - DEPRECATION_WARNING - hailo_nn.py:1546 - Layer mobilenetv2_cifar10/conv20 has implicit precision config during compilation, filling default values
2024-09-22 09:57:38,841 - DEPRECATION_WARNING - hailo_nn.py:1546 - Layer mobilenetv2_cifar10/ew_add6 has implicit precision config during compilation, filling default values
2024-09-22 09:57:38,842 - DEPRECATION_WARNING - hailo_nn.py:1546 - Layer mobilenetv2_cifar10/conv21 has implicit precision config during compilation, filling default values
2024-09-22 09:57:38,842 - DEPRECATION_WARNING - hailo_nn.py:1546 - Layer mobilenetv2_cifar10/dw11 has implicit precision config during compilation, filling default values
2024-09-22 09:57:38,842 - DEPRECATION_WARNING - hailo_nn.py:1546 - Layer mobilenetv2_cifar10/conv22 has implicit precision config during compilation, filling default values
2024-09-22 09:57:38,843 - DEPRECATION_WARNING - hailo_nn.py:1546 - Layer mobilenetv2_cifar10/conv23 has implicit precision config during compilation, filling default values
2024-09-22 09:57:38,843 - DEPRECATION_WARNING - hailo_nn.py:1546 - Layer mobilenetv2_cifar10/dw12 has implicit precision config during compilation, filling default values
2024-09-22 09:57:38,843 - DEPRECATION_WARNING - hailo_nn.py:1546 - Layer mobilenetv2_cifar10/conv24 has implicit precision config during compilation, filling default values
2024-09-22 09:57:38,844 - DEPRECATION_WARNING - hailo_nn.py:1546 - Layer mobilenetv2_cifar10/ew_add7 has implicit precision config during compilation, filling default values
2024-09-22 09:57:38,844 - DEPRECATION_WARNING - hailo_nn.py:1546 - Layer mobilenetv2_cifar10/conv25 has implicit precision config during compilation, filling default values
2024-09-22 09:57:38,844 - DEPRECATION_WARNING - hailo_nn.py:1546 - Layer mobilenetv2_cifar10/dw13 has implicit precision config during compilation, filling default values
2024-09-22 09:57:38,845 - DEPRECATION_WARNING - hailo_nn.py:1546 - Layer mobilenetv2_cifar10/conv26 has implicit precision config during compilation, filling default values
2024-09-22 09:57:38,845 - DEPRECATION_WARNING - hailo_nn.py:1546 - Layer mobilenetv2_cifar10/ew_add8 has implicit precision config during compilation, filling default values
2024-09-22 09:57:38,846 - DEPRECATION_WARNING - hailo_nn.py:1546 - Layer mobilenetv2_cifar10/conv27 has implicit precision config during compilation, filling default values
2024-09-22 09:57:38,846 - DEPRECATION_WARNING - hailo_nn.py:1546 - Layer mobilenetv2_cifar10/dw14 has implicit precision config during compilation, filling default values
2024-09-22 09:57:38,846 - DEPRECATION_WARNING - hailo_nn.py:1546 - Layer mobilenetv2_cifar10/conv28 has implicit precision config during compilation, filling default values
2024-09-22 09:57:38,847 - DEPRECATION_WARNING - hailo_nn.py:1546 - Layer mobilenetv2_cifar10/conv29 has implicit precision config during compilation, filling default values
2024-09-22 09:57:38,847 - DEPRECATION_WARNING - hailo_nn.py:1546 - Layer mobilenetv2_cifar10/dw15 has implicit precision config during compilation, filling default values
2024-09-22 09:57:38,848 - DEPRECATION_WARNING - hailo_nn.py:1546 - Layer mobilenetv2_cifar10/conv30 has implicit precision config during compilation, filling default values
2024-09-22 09:57:38,848 - DEPRECATION_WARNING - hailo_nn.py:1546 - Layer mobilenetv2_cifar10/ew_add9 has implicit precision config during compilation, filling default values
2024-09-22 09:57:38,848 - DEPRECATION_WARNING - hailo_nn.py:1546 - Layer mobilenetv2_cifar10/conv31 has implicit precision config during compilation, filling default values
2024-09-22 09:57:38,849 - DEPRECATION_WARNING - hailo_nn.py:1546 - Layer mobilenetv2_cifar10/dw16 has implicit precision config during compilation, filling default values
2024-09-22 09:57:38,849 - DEPRECATION_WARNING - hailo_nn.py:1546 - Layer mobilenetv2_cifar10/conv32 has implicit precision config during compilation, filling default values
2024-09-22 09:57:38,849 - DEPRECATION_WARNING - hailo_nn.py:1546 - Layer mobilenetv2_cifar10/ew_add10 has implicit precision config during compilation, filling default values
2024-09-22 09:57:38,849 - DEPRECATION_WARNING - hailo_nn.py:1546 - Layer mobilenetv2_cifar10/conv33 has implicit precision config during compilation, filling default values
2024-09-22 09:57:38,850 - DEPRECATION_WARNING - hailo_nn.py:1546 - Layer mobilenetv2_cifar10/dw17 has implicit precision config during compilation, filling default values
2024-09-22 09:57:38,850 - DEPRECATION_WARNING - hailo_nn.py:1546 - Layer mobilenetv2_cifar10/conv34 has implicit precision config during compilation, filling default values
2024-09-22 09:57:38,850 - DEPRECATION_WARNING - hailo_nn.py:1546 - Layer mobilenetv2_cifar10/conv35 has implicit precision config during compilation, filling default values
2024-09-22 09:57:38,851 - DEPRECATION_WARNING - hailo_nn.py:1546 - Layer mobilenetv2_cifar10/avgpool1 has implicit precision config during compilation, filling default values
2024-09-22 09:57:38,851 - DEPRECATION_WARNING - hailo_nn.py:1546 - Layer mobilenetv2_cifar10/fc1 has implicit precision config during compilation, filling default values
2024-09-22 09:57:38,851 - DEPRECATION_WARNING - hailo_nn.py:1546 - Layer mobilenetv2_cifar10/output_layer1 has implicit precision config during compilation, filling default values
2024-09-22 10:02:40,138 - INFO - main.py:34 - Current Time: 10:02:40, 09/22/24
2024-09-22 10:02:41,155 - INFO - main.py:46 - CPU: Architecture: x86_64, Model: 13th Gen Intel(R) Core(TM) i9-13900HX, Number Of Cores: 32, Utilization: 0.1%
2024-09-22 10:02:41,157 - INFO - main.py:50 - Memory: Total: 15GB, Available: 14GB
2024-09-22 10:02:41,158 - INFO - main.py:54 - System info: OS: Linux, Kernel: 5.15.153.1-microsoft-standard-WSL2
2024-09-22 10:02:41,158 - INFO - main.py:55 - Hailo DFC Version: 3.28.0
2024-09-22 10:02:41,167 - INFO - main.py:60 - HailoRT Version: Not Installed
2024-09-22 10:02:41,177 - INFO - main.py:76 - PCIe: No Hailo PCIe device was found
2024-09-22 10:02:41,178 - INFO - main.py:109 - Running `hailo`
2024-09-22 10:03:18,744 - INFO - main.py:34 - Current Time: 10:03:18, 09/22/24
2024-09-22 10:03:19,756 - INFO - main.py:46 - CPU: Architecture: x86_64, Model: 13th Gen Intel(R) Core(TM) i9-13900HX, Number Of Cores: 32, Utilization: 0.1%
2024-09-22 10:03:19,759 - INFO - main.py:50 - Memory: Total: 15GB, Available: 14GB
2024-09-22 10:03:19,761 - INFO - main.py:54 - System info: OS: Linux, Kernel: 5.15.153.1-microsoft-standard-WSL2
2024-09-22 10:03:19,763 - INFO - main.py:55 - Hailo DFC Version: 3.28.0
2024-09-22 10:03:19,779 - INFO - main.py:60 - HailoRT Version: Not Installed
2024-09-22 10:03:19,784 - INFO - main.py:76 - PCIe: No Hailo PCIe device was found
2024-09-22 10:03:19,785 - INFO - main.py:109 - Running `hailo optimize --help`
2024-09-22 10:04:27,695 - INFO - main.py:34 - Current Time: 10:04:27, 09/22/24
2024-09-22 10:04:28,704 - INFO - main.py:46 - CPU: Architecture: x86_64, Model: 13th Gen Intel(R) Core(TM) i9-13900HX, Number Of Cores: 32, Utilization: 0.1%
2024-09-22 10:04:28,705 - INFO - main.py:50 - Memory: Total: 15GB, Available: 14GB
2024-09-22 10:04:28,706 - INFO - main.py:54 - System info: OS: Linux, Kernel: 5.15.153.1-microsoft-standard-WSL2
2024-09-22 10:04:28,707 - INFO - main.py:55 - Hailo DFC Version: 3.28.0
2024-09-22 10:04:28,718 - INFO - main.py:60 - HailoRT Version: Not Installed
2024-09-22 10:04:28,724 - INFO - main.py:76 - PCIe: No Hailo PCIe device was found
2024-09-22 10:04:28,724 - INFO - main.py:109 - Running `hailo -h`
2024-09-22 10:04:46,987 - INFO - main.py:34 - Current Time: 10:04:46, 09/22/24
2024-09-22 10:04:47,997 - INFO - main.py:46 - CPU: Architecture: x86_64, Model: 13th Gen Intel(R) Core(TM) i9-13900HX, Number Of Cores: 32, Utilization: 0.1%
2024-09-22 10:04:47,999 - INFO - main.py:50 - Memory: Total: 15GB, Available: 14GB
2024-09-22 10:04:48,000 - INFO - main.py:54 - System info: OS: Linux, Kernel: 5.15.153.1-microsoft-standard-WSL2
2024-09-22 10:04:48,002 - INFO - main.py:55 - Hailo DFC Version: 3.28.0
2024-09-22 10:04:48,019 - INFO - main.py:60 - HailoRT Version: Not Installed
2024-09-22 10:04:48,024 - INFO - main.py:76 - PCIe: No Hailo PCIe device was found
2024-09-22 10:04:48,025 - INFO - main.py:109 - Running `hailo optimize mobilenetv2_cifar10.har`
2024-09-22 10:05:08,602 - INFO - main.py:34 - Current Time: 10:05:08, 09/22/24
2024-09-22 10:05:09,613 - INFO - main.py:46 - CPU: Architecture: x86_64, Model: 13th Gen Intel(R) Core(TM) i9-13900HX, Number Of Cores: 32, Utilization: 0.1%
2024-09-22 10:05:09,615 - INFO - main.py:50 - Memory: Total: 15GB, Available: 14GB
2024-09-22 10:05:09,618 - INFO - main.py:54 - System info: OS: Linux, Kernel: 5.15.153.1-microsoft-standard-WSL2
2024-09-22 10:05:09,619 - INFO - main.py:55 - Hailo DFC Version: 3.28.0
2024-09-22 10:05:09,637 - INFO - main.py:60 - HailoRT Version: Not Installed
2024-09-22 10:05:09,642 - INFO - main.py:76 - PCIe: No Hailo PCIe device was found
2024-09-22 10:05:09,643 - INFO - main.py:109 - Running `hailo --use-random-calib-set optimize mobilenetv2_cifar10.har`
2024-09-22 10:05:58,024 - INFO - main.py:34 - Current Time: 10:05:58, 09/22/24
2024-09-22 10:05:59,034 - INFO - main.py:46 - CPU: Architecture: x86_64, Model: 13th Gen Intel(R) Core(TM) i9-13900HX, Number Of Cores: 32, Utilization: 0.1%
2024-09-22 10:05:59,035 - INFO - main.py:50 - Memory: Total: 15GB, Available: 14GB
2024-09-22 10:05:59,036 - INFO - main.py:54 - System info: OS: Linux, Kernel: 5.15.153.1-microsoft-standard-WSL2
2024-09-22 10:05:59,038 - INFO - main.py:55 - Hailo DFC Version: 3.28.0
2024-09-22 10:05:59,053 - INFO - main.py:60 - HailoRT Version: Not Installed
2024-09-22 10:05:59,059 - INFO - main.py:76 - PCIe: No Hailo PCIe device was found
2024-09-22 10:05:59,060 - INFO - main.py:109 - Running `hailo optimize --hw-arch hailo8l --use-random-calib-set mobilenetv2_cifar10.har`
2024-09-22 10:05:59,695 - INFO - calib_set_generator.py:117 - Found model with 3 input channels, using real RGB images for calibration instead of sampling random data.
2024-09-22 10:05:59,780 - IMPORTANT - sdk_backend.py:1009 - Starting Model Optimization
2024-09-22 10:06:19,036 - IMPORTANT - sdk_backend.py:1050 - Model Optimization is done
2024-09-22 10:06:19,629 - INFO - client_runner.py:1831 - Saved HAR to: /mnt/c/Users/rapha/PycharmProjects/HCA3/mobilenetv2_cifar10_optimized.har
2024-09-22 10:07:05,035 - INFO - main.py:34 - Current Time: 10:07:05, 09/22/24
2024-09-22 10:07:06,045 - INFO - main.py:46 - CPU: Architecture: x86_64, Model: 13th Gen Intel(R) Core(TM) i9-13900HX, Number Of Cores: 32, Utilization: 0.2%
2024-09-22 10:07:06,046 - INFO - main.py:50 - Memory: Total: 15GB, Available: 14GB
2024-09-22 10:07:06,047 - INFO - main.py:54 - System info: OS: Linux, Kernel: 5.15.153.1-microsoft-standard-WSL2
2024-09-22 10:07:06,048 - INFO - main.py:55 - Hailo DFC Version: 3.28.0
2024-09-22 10:07:06,067 - INFO - main.py:60 - HailoRT Version: Not Installed
2024-09-22 10:07:06,072 - INFO - main.py:76 - PCIe: No Hailo PCIe device was found
2024-09-22 10:07:06,073 - INFO - main.py:109 - Running `hailo compiler mobilenetv2_cifar10_optimized.har`
2024-09-22 10:07:08,194 - INFO - compiler_cli.py:81 - Compiling network
2024-09-22 10:07:08,204 - INFO - hailo_tools_runner.py:504 - To achieve optimal performance, set the compiler_optimization_level to "max" by adding performance_param(compiler_optimization_level=max) to the model script. Note that this may increase compilation time.
2024-09-22 10:11:33,283 - INFO - compiler_cli.py:86 - Compilation complete
2024-09-22 10:11:33,306 - INFO - compiler_cli.py:91 - Saved HEF to: /mnt/c/Users/rapha/PycharmProjects/HCA3/mobilenetv2_cifar10.hef
2024-09-22 10:11:34,043 - INFO - client_runner.py:1831 - Saved HAR to: /mnt/c/Users/rapha/PycharmProjects/HCA3/mobilenetv2_cifar10_compiled.har
